<?xml version="1.0" encoding="UTF-8"?>
<!-- Generated by org.testng.reporters.JUnitXMLReporter -->
<testsuite ignored="2" hostname="INHCLH-LHL0590" failures="0" tests="0" time="0.023" errors="0" timestamp="2022-11-07T14:47:17 IST">
  <testcase classname="RahulshettyAcademy.Tests.validationCredTest" name="validateCredentials" time="0.0">
    <ignored/>
  </testcase> <!-- validateCredentials -->
  <testcase classname="RahulshettyAcademy.Tests.validationCredTest" name="validateCartProducts" time="0.0">
    <ignored/>
  </testcase> <!-- validateCartProducts -->
</testsuite>
