<?xml version="1.0" encoding="UTF-8"?>
<!-- Generated by org.testng.reporters.JUnitXMLReporter -->
<testsuite ignored="0" hostname="INHCLH-LHL0590" failures="1" tests="3" name="Error Validations" time="19.427" errors="0" timestamp="2022-10-30T12:45:45 IST">
  <testcase classname="RahulshettyAcademy.Tests.validationCredTest" name="validateCartProducts" time="5.558"/>
  <testcase classname="RahulshettyAcademy.Tests.validationCredTest" name="validateCredentials" time="1.139">
    <skipped/>
  </testcase> <!-- validateCredentials -->
  <testcase classname="RahulshettyAcademy.Tests.validationCredTest" name="validateCredentials" time="1.097">
    <failure type="java.lang.AssertionError" message="expected [Incorrect email or password.] but found [Incorrect email r password.]">
      <![CDATA[java.lang.AssertionError: expected [Incorrect email or password.] but found [Incorrect email r password.]
at RahulshettyAcademy.Tests.validationCredTest.validateCredentials(validationCredTest.java:19)
at java.base/java.util.ArrayList.forEach(ArrayList.java:1511)
... Removed 33 stack frames]]>
    </failure>
  </testcase> <!-- validateCredentials -->
</testsuite> <!-- Error Validations -->
