<?xml version="1.0" encoding="UTF-8"?>
<!-- Generated by org.testng.reporters.JUnitXMLReporter -->
<testsuite ignored="0" hostname="INHCLH-LHL0590" failures="0" tests="3" name="Main Web Test" time="28.979" errors="0" timestamp="2022-10-30T12:45:26 IST">
  <testcase classname="RahulshettyAcademy.Tests.webTest" name="submitOrder" time="6.956"/>
  <testcase classname="RahulshettyAcademy.Tests.webTest" name="submitOrder" time="6.784"/>
  <testcase classname="RahulshettyAcademy.Tests.webTest" name="validateOrdProductNames" time="1.345"/>
</testsuite> <!-- Main Web Test -->
