<?xml version="1.0" encoding="UTF-8"?>
<!-- Generated by org.testng.reporters.JUnitXMLReporter -->
<testsuite ignored="1" hostname="INHCLH-LHL0590" failures="0" tests="2" name="Reading data from Json" time="27.312" errors="0" timestamp="2022-11-07T13:10:35 IST">
  <testcase classname="RahulshettyAcademy.Tests.webTestJson" name="submitOrder" time="7.022"/>
  <testcase classname="RahulshettyAcademy.Tests.webTestJson" name="submitOrder" time="6.932"/>
  <testcase classname="RahulshettyAcademy.Tests.webTestJson" name="validateOrdProductNames" time="0.0">
    <ignored/>
  </testcase> <!-- validateOrdProductNames -->
</testsuite> <!-- Reading data from Json -->
