<?xml version="1.0" encoding="UTF-8"?>
<!-- Generated by org.testng.reporters.JUnitXMLReporter -->
<testsuite ignored="1" hostname="INHCLH-LHL0590" failures="0" tests="2" name="Submit Order Test" time="37.87" errors="0" timestamp="2022-11-07T14:47:54 IST">
  <testcase classname="RahulshettyAcademy.Tests.webTest" name="submitOrder" time="7.022"/>
  <testcase classname="RahulshettyAcademy.Tests.webTest" name="submitOrder" time="6.948"/>
  <testcase classname="RahulshettyAcademy.Tests.webTest" name="validateOrdProductNames" time="0.0">
    <ignored/>
  </testcase> <!-- validateOrdProductNames -->
</testsuite> <!-- Submit Order Test -->
