<?xml version="1.0" encoding="UTF-8"?>
<!-- Generated by org.testng.reporters.JUnitXMLReporter -->
<testsuite ignored="0" hostname="INHCLH-LHL0590" failures="0" tests="3" name="Test with creating json file" time="28.959" errors="0" timestamp="2022-10-30T12:46:14 IST">
  <testcase classname="RahulshettyAcademy.Tests.webTestJson" name="submitOrder" time="6.79"/>
  <testcase classname="RahulshettyAcademy.Tests.webTestJson" name="submitOrder" time="6.722"/>
  <testcase classname="RahulshettyAcademy.Tests.webTestJson" name="validateOrdProductNames" time="1.158"/>
</testsuite> <!-- Test with creating json file -->
