<?xml version="1.0" encoding="UTF-8"?>
<!-- Generated by org.testng.reporters.JUnitXMLReporter -->
<testsuite ignored="0" hostname="INHCLH-LHL0590" failures="0" tests="3" name="Main Web Test" time="25.487" errors="0" timestamp="2022-10-31T15:36:20 IST">
  <testcase classname="RahulshettyAcademy.Tests.webTest" name="submitOrder" time="5.937"/>
  <testcase classname="RahulshettyAcademy.Tests.webTest" name="submitOrder" time="5.784"/>
  <testcase classname="RahulshettyAcademy.Tests.webTest" name="validateOrdProductNames" time="0.709"/>
</testsuite> <!-- Main Web Test -->
