<?xml version="1.0" encoding="UTF-8"?>
<!-- Generated by org.testng.reporters.JUnitXMLReporter -->
<testsuite ignored="2" hostname="INHCLH-LHL0590" failures="0" tests="0" time="0.016" errors="0" timestamp="2022-10-31T16:34:03 IST">
  <testcase classname="RahulshettyAcademy.Tests.webTest" name="validateOrdProductNames" time="0.0">
    <ignored/>
  </testcase> <!-- validateOrdProductNames -->
  <testcase classname="RahulshettyAcademy.Tests.webTest" name="submitOrder" time="0.0">
    <ignored/>
  </testcase> <!-- submitOrder -->
</testsuite>
