<?xml version="1.0" encoding="UTF-8"?>
<!-- Generated by org.testng.reporters.JUnitXMLReporter -->
<testsuite ignored="0" hostname="INHCLH-LHL0590" failures="0" tests="3" name="Test with creating json file" time="22.471" errors="0" timestamp="2022-10-31T15:36:59 IST">
  <testcase classname="RahulshettyAcademy.Tests.webTestJson" name="submitOrder" time="5.811"/>
  <testcase classname="RahulshettyAcademy.Tests.webTestJson" name="submitOrder" time="5.803"/>
  <testcase classname="RahulshettyAcademy.Tests.webTestJson" name="validateOrdProductNames" time="0.808"/>
</testsuite> <!-- Test with creating json file -->
