<?xml version="1.0" encoding="UTF-8"?>
<testng-results ignored="3" total="5" passed="2" failed="0" skipped="0">
  <reporter-output>
  </reporter-output>
  <suite started-at="2022-11-07T14:47:16 IST" name="Suite" finished-at="2022-11-07T14:47:54 IST" duration-ms="37870">
    <groups>
      <group name="purchaseHashMap">
        <method signature="webTest.submitOrder(java.util.HashMap)[pri:0, instance:RahulshettyAcademy.Tests.webTest@ab7395e]" name="submitOrder" class="RahulshettyAcademy.Tests.webTest"/>
      </group> <!-- purchaseHashMap -->
    </groups>
    <test started-at="2022-11-07T14:47:16 IST" name="Error Validations Test" finished-at="2022-11-07T14:47:16 IST" duration-ms="23">
    </test> <!-- Error Validations Test -->
    <test started-at="2022-11-07T14:47:16 IST" name="Submit Order Test" finished-at="2022-11-07T14:47:54 IST" duration-ms="37870">
      <class name="RahulshettyAcademy.Tests.webTest">
        <test-method is-config="true" signature="launchApplication()[pri:0, instance:RahulshettyAcademy.Tests.webTest@ab7395e]" started-at="2022-11-07T14:47:16 IST" name="launchApplication" finished-at="2022-11-07T14:47:33 IST" duration-ms="17219" status="PASS">
          <reporter-output>
          </reporter-output>
        </test-method> <!-- launchApplication -->
        <test-method signature="submitOrder(java.util.HashMap)[pri:0, instance:RahulshettyAcademy.Tests.webTest@ab7395e]" started-at="2022-11-07T14:47:33 IST" name="submitOrder" data-provider="getData" finished-at="2022-11-07T14:47:41 IST" duration-ms="7022" status="PASS">
          <params>
            <param index="0">
              <value>
                <![CDATA[{password=Authenticate123, email=anil.ponugoti@gmail.com}]]>
              </value>
            </param>
          </params>
          <reporter-output>
          </reporter-output>
        </test-method> <!-- submitOrder -->
        <test-method is-config="true" signature="tearDown()[pri:0, instance:RahulshettyAcademy.Tests.webTest@ab7395e]" started-at="2022-11-07T14:47:41 IST" name="tearDown" finished-at="2022-11-07T14:47:41 IST" duration-ms="54" status="PASS">
          <reporter-output>
          </reporter-output>
        </test-method> <!-- tearDown -->
        <test-method is-config="true" signature="launchApplication()[pri:0, instance:RahulshettyAcademy.Tests.webTest@ab7395e]" started-at="2022-11-07T14:47:41 IST" name="launchApplication" finished-at="2022-11-07T14:47:47 IST" duration-ms="6469" status="PASS">
          <reporter-output>
          </reporter-output>
        </test-method> <!-- launchApplication -->
        <test-method signature="submitOrder(java.util.HashMap)[pri:0, instance:RahulshettyAcademy.Tests.webTest@ab7395e]" started-at="2022-11-07T14:47:47 IST" name="submitOrder" data-provider="getData" finished-at="2022-11-07T14:47:54 IST" duration-ms="6948" status="PASS">
          <params>
            <param index="0">
              <value>
                <![CDATA[{password=Iamking@000, email=shetty@gmail.com}]]>
              </value>
            </param>
          </params>
          <reporter-output>
          </reporter-output>
        </test-method> <!-- submitOrder -->
        <test-method is-config="true" signature="tearDown()[pri:0, instance:RahulshettyAcademy.Tests.webTest@ab7395e]" started-at="2022-11-07T14:47:54 IST" name="tearDown" finished-at="2022-11-07T14:47:54 IST" duration-ms="52" status="PASS">
          <reporter-output>
          </reporter-output>
        </test-method> <!-- tearDown -->
      </class> <!-- RahulshettyAcademy.Tests.webTest -->
    </test> <!-- Submit Order Test -->
  </suite> <!-- Suite -->
</testng-results>
